<?xml version="1.0" encoding="UTF-8"?>
<!-- Generated by org.testng.reporters.JUnitXMLReporter -->
<testsuite hostname="VAIO" ignored="0" name="Regression suite 1" tests="1" failures="1" timestamp="04 Feb 2018 10:21:45 GMT" time="51.074" errors="0">
  <testcase name="testCase1" time="50.893" classname="com.iffcoTokio.HealthInsurance">
    <failure type="java.lang.NullPointerException">
      <![CDATA[java.lang.NullPointerException
	at Utilities.GMethods.takeScreenshot(GMethods.java:47)
	at com.iffcoTokio.HealthInsurance.testCase1(HealthInsurance.java:21)
... Removed 25 stack frames]]>
    </failure>
  </testcase> <!-- testCase1 -->
</testsuite> <!-- Regression suite 1 -->
