<?xml version="1.0" encoding="UTF-8"?>
<testng-results skipped="0" failed="1" ignored="0" total="1" passed="0">
  <reporter-output>
  </reporter-output>
  <suite name="example suite 1" duration-ms="51074" started-at="2018-02-04T10:20:54Z" finished-at="2018-02-04T10:21:45Z">
    <groups>
      <group name="Regression">
        <method signature="HealthInsurance.testCase1()[pri:1, instance:com.iffcoTokio.HealthInsurance@ae45eb6]" name="testCase1" class="com.iffcoTokio.HealthInsurance"/>
      </group> <!-- Regression -->
      <group name="Smoke">
        <method signature="HealthInsurance.testCase1()[pri:1, instance:com.iffcoTokio.HealthInsurance@ae45eb6]" name="testCase1" class="com.iffcoTokio.HealthInsurance"/>
      </group> <!-- Smoke -->
    </groups>
    <test name="Regression suite 1" duration-ms="51074" started-at="2018-02-04T10:20:54Z" finished-at="2018-02-04T10:21:45Z">
      <class name="com.iffcoTokio.HealthInsurance">
        <test-method status="FAIL" signature="testCase1()[pri:1, instance:com.iffcoTokio.HealthInsurance@ae45eb6]" name="testCase1" duration-ms="50893" started-at="2018-02-04T15:50:54Z" finished-at="2018-02-04T15:51:45Z">
          <exception class="java.lang.NullPointerException">
            <full-stacktrace>
              <![CDATA[java.lang.NullPointerException
	at Utilities.GMethods.takeScreenshot(GMethods.java:47)
	at com.iffcoTokio.HealthInsurance.testCase1(HealthInsurance.java:21)
	at sun.reflect.NativeMethodAccessorImpl.invoke0(Native Method)
	at sun.reflect.NativeMethodAccessorImpl.invoke(NativeMethodAccessorImpl.java:62)
	at sun.reflect.DelegatingMethodAccessorImpl.invoke(DelegatingMethodAccessorImpl.java:43)
	at java.lang.reflect.Method.invoke(Method.java:483)
	at org.testng.internal.MethodInvocationHelper.invokeMethod(MethodInvocationHelper.java:108)
	at org.testng.internal.Invoker.invokeMethod(Invoker.java:661)
	at org.testng.internal.Invoker.invokeTestMethod(Invoker.java:869)
	at org.testng.internal.Invoker.invokeTestMethods(Invoker.java:1193)
	at org.testng.internal.TestMethodWorker.invokeTestMethods(TestMethodWorker.java:126)
	at org.testng.internal.TestMethodWorker.run(TestMethodWorker.java:109)
	at org.testng.TestRunner.privateRun(TestRunner.java:744)
	at org.testng.TestRunner.run(TestRunner.java:602)
	at org.testng.SuiteRunner.runTest(SuiteRunner.java:380)
	at org.testng.SuiteRunner.runSequentially(SuiteRunner.java:375)
	at org.testng.SuiteRunner.privateRun(SuiteRunner.java:340)
	at org.testng.SuiteRunner.run(SuiteRunner.java:289)
	at org.testng.SuiteRunnerWorker.runSuite(SuiteRunnerWorker.java:52)
	at org.testng.SuiteRunnerWorker.run(SuiteRunnerWorker.java:86)
	at org.testng.TestNG.runSuitesSequentially(TestNG.java:1301)
	at org.testng.TestNG.runSuitesLocally(TestNG.java:1226)
	at org.testng.TestNG.runSuites(TestNG.java:1144)
	at org.testng.TestNG.run(TestNG.java:1115)
	at org.testng.remote.AbstractRemoteTestNG.run(AbstractRemoteTestNG.java:132)
	at org.testng.remote.RemoteTestNG.initAndRun(RemoteTestNG.java:230)
	at org.testng.remote.RemoteTestNG.main(RemoteTestNG.java:76)
]]>
            </full-stacktrace>
          </exception> <!-- java.lang.NullPointerException -->
          <reporter-output>
          </reporter-output>
        </test-method> <!-- testCase1 -->
      </class> <!-- com.iffcoTokio.HealthInsurance -->
    </test> <!-- Regression suite 1 -->
  </suite> <!-- example suite 1 -->
</testng-results>
