<?xml version="1.0" encoding="UTF-8"?>
<testng-results skipped="0" failed="0" ignored="0" total="1" passed="1">
  <reporter-output>
  </reporter-output>
  <suite name="Default suite" duration-ms="21668" started-at="2018-02-18T12:18:22Z" finished-at="2018-02-18T12:18:44Z">
    <groups>
    </groups>
    <test name="Default test" duration-ms="21668" started-at="2018-02-18T12:18:22Z" finished-at="2018-02-18T12:18:44Z">
      <class name="com.PageFactroyTest.TestClass">
        <test-method status="PASS" signature="login()[pri:0, instance:com.PageFactroyTest.TestClass@4501b7af]" name="login" duration-ms="21620" started-at="2018-02-18T17:48:22Z" finished-at="2018-02-18T17:48:44Z">
          <reporter-output>
          </reporter-output>
        </test-method> <!-- login -->
      </class> <!-- com.PageFactroyTest.TestClass -->
    </test> <!-- Default test -->
  </suite> <!-- Default suite -->
</testng-results>
